<?xml version="1.0" encoding="UTF-8"?>
<!-- Generated by org.testng.reporters.JUnitReportReporter -->
<testsuite hostname="LAPTOP-S15AM7CG" failures="0" tests="1" name="brokenlink.RetrivingBrokenLink" time="4.694" errors="0" timestamp="2024-02-14T00:02:41 IST" skipped="0">
  <testcase classname="brokenlink.RetrivingBrokenLink" name="brokenLink" time="4.694"/>
</testsuite> <!-- brokenlink.RetrivingBrokenLink -->
